Start testing: Jul 01 14:04 UTC
----------------------------------------------------------
1/1 Testing: test_version
1/1 Test: test_version
Command: "/home/runner/work/04_home/04_home/test_version"
Directory: /home/runner/work/04_home/04_home
"test_version" start time: Jul 01 14:04 UTC
Output:
----------------------------------------------------------
Running 1 test case...

[1;32;49m*** No errors detected
[0;39;49m
<end of output>
Test time =   0.00 sec
----------------------------------------------------------
Test Passed.
"test_version" end time: Jul 01 14:04 UTC
"test_version" time elapsed: 00:00:00
----------------------------------------------------------

End testing: Jul 01 14:04 UTC
